[debug] [2021-05-31T07:44:46.929Z] ----------------------------------------------------------------------
[debug] [2021-05-31T07:44:46.930Z] Command:       C:\Program Files\nodejs\node.exe C:\Users\manee\AppData\Roaming\npm\node_modules\firebase-tools\lib\bin\firebase.js init
[debug] [2021-05-31T07:44:46.931Z] CLI Version:   9.12.0
[debug] [2021-05-31T07:44:46.931Z] Platform:      win32
[debug] [2021-05-31T07:44:46.931Z] Node Version:  v14.16.0
[debug] [2021-05-31T07:44:46.931Z] Time:          Mon May 31 2021 13:14:46 GMT+0530 (India Standard Time)
[debug] [2021-05-31T07:44:46.932Z] ----------------------------------------------------------------------
[debug] 
[debug] [2021-05-31T07:44:46.937Z] >>> [apiv2][query] GET https://firebase-public.firebaseio.com/cli.json [none]
[debug] [2021-05-31T07:44:46.958Z] > command requires scopes: ["email","openid","https://www.googleapis.com/auth/cloudplatformprojects.readonly","https://www.googleapis.com/auth/firebase","https://www.googleapis.com/auth/cloud-platform"]
[debug] [2021-05-31T07:44:46.958Z] > authorizing via signed-in user (maneeshmjh13108@gmail.com)
[info] 
     ######## #### ########  ######## ########     ###     ######  ########
     ##        ##  ##     ## ##       ##     ##  ##   ##  ##       ##
     ######    ##  ########  ######   ########  #########  ######  ######
     ##        ##  ##    ##  ##       ##     ## ##     ##       ## ##
     ##       #### ##     ## ######## ########  ##     ##  ######  ########

You're about to initialize a Firebase project in this directory:

  C:\Users\manee\Documents\React Projects\Projects\react-social

[debug] [2021-05-31T07:44:47.812Z] <<< [apiv2][status] GET https://firebase-public.firebaseio.com/cli.json 200
[debug] [2021-05-31T07:44:47.812Z] <<< [apiv2][body] GET https://firebase-public.firebaseio.com/cli.json {"cloudBuildErrorAfter":1594252800000,"cloudBuildWarnAfter":1590019200000,"defaultNode10After":1594252800000,"minVersion":"3.0.5","node8DeploysDisabledAfter":1613390400000,"node8RuntimeDisabledAfter":1615809600000,"node8WarnAfter":1600128000000}
